{"synthetic": false,
 "schemaVersion": "2025-09-10",
 "outputs":
 {"o": ["c2c606e1d2f3a4ac.olean"],
  "i": "c0f773eb4249ad92.ilean",
  "c": "cc014283fd777387.c"},
 "log":
 [{"message":
   ".> LEAN_PATH=/Users/woodyhulse/Documents/lean-perceptron/.lake/packages/Cli/.lake/build/lib/lean:/Users/woodyhulse/Documents/lean-perceptron/.lake/packages/batteries/.lake/build/lib/lean:/Users/woodyhulse/Documents/lean-perceptron/.lake/packages/Qq/.lake/build/lib/lean:/Users/woodyhulse/Documents/lean-perceptron/.lake/packages/aesop/.lake/build/lib/lean:/Users/woodyhulse/Documents/lean-perceptron/.lake/packages/proofwidgets/.lake/build/lib/lean:/Users/woodyhulse/Documents/lean-perceptron/.lake/packages/importGraph/.lake/build/lib/lean:/Users/woodyhulse/Documents/lean-perceptron/.lake/packages/LeanSearchClient/.lake/build/lib/lean:/Users/woodyhulse/Documents/lean-perceptron/.lake/packages/plausible/.lake/build/lib/lean:/Users/woodyhulse/Documents/lean-perceptron/.lake/packages/mathlib/.lake/build/lib/lean:/Users/woodyhulse/Documents/lean-perceptron/.lake/build/lib/lean /Users/woodyhulse/.elan/toolchains/leanprover--lean4---v4.26.0-rc2/bin/lean /Users/woodyhulse/Documents/lean-perceptron/Perceptron/Basic.lean -o /Users/woodyhulse/Documents/lean-perceptron/.lake/build/lib/lean/Perceptron/Basic.olean -i /Users/woodyhulse/Documents/lean-perceptron/.lake/build/lib/lean/Perceptron/Basic.ilean -c /Users/woodyhulse/Documents/lean-perceptron/.lake/build/ir/Perceptron/Basic.c --setup /Users/woodyhulse/Documents/lean-perceptron/.lake/build/ir/Perceptron/Basic.setup.json --json",
   "level": "trace"},
  {"message":
   "Perceptron/Basic.lean:70:0: (mkRat 2 1, mkRat 1 1, mkRat (-3) 1, 11, true)",
   "level": "info"},
  {"message":
   "Perceptron/Basic.lean:75:0: (mkRat 1 1, mkRat 1 1, mkRat (-1) 1, 5, true)",
   "level": "info"},
  {"message":
   "Perceptron/Basic.lean:80:0: (mkRat (-1) 1, mkRat 0 1, mkRat 0 1, 398, false)",
   "level": "info"}],
 "inputs":
 [["Perceptron.Basic:deps",
   [["deps",
     [["perceptron/Perceptron:extraDep",
       [["@perceptron:extraDep", "00000000000006bb"]]],
      ["imports",
       [["Perceptron.Definitions transitive imports (legacy)",
         "ebdac04a93be9c29"],
        ["Perceptron.Definitions:importAllArts", "9ec09cf0493390fd"]]]]],
    ["libs",
     [["import dynlibs", "00000000000006bb"],
      ["package external libraries", "00000000000006bb"],
      ["module dynlibs", "00000000000006bb"],
      ["module plugins", "00000000000006bb"]]]]],
  ["Lean 4.26.0, commit 9d4ad1273f6cea397c3066c2c83062a4410d16bf",
   "c1ab21c0a088cff7"],
  ["/Users/woodyhulse/Documents/lean-perceptron/Perceptron/Basic.lean",
   "40c6f3441b08a49b"],
  ["options",
   [["-DmaxSynthPendingDepth=3", "c78e353d34de85d4"],
    ["-Dweak.linter.mathlibStandardSet=true", "8a155799906f2b42"],
    ["-DrelaxedAutoImplicit=false", "74a2b5546b55be80"],
    ["-Dpp.unicode.fun=true", "9b94070140457fab"]]],
  ["Module.leanArgs: #[]", "00000000000006bb"]],
 "depHash": "1c0826fdfba3f77d"}