{"synthetic": false,
 "schemaVersion": "2025-09-10",
 "outputs":
 {"o": ["1ae193eb0fd7ae9c.olean"],
  "i": "7be5273a73480bef.ilean",
  "c": "3e25ef0d9346a42a.c"},
 "log":
 [{"message":
   ".> LEAN_PATH=/Users/woodyhulse/Documents/lean-perceptron/.lake/packages/Cli/.lake/build/lib/lean:/Users/woodyhulse/Documents/lean-perceptron/.lake/packages/batteries/.lake/build/lib/lean:/Users/woodyhulse/Documents/lean-perceptron/.lake/packages/Qq/.lake/build/lib/lean:/Users/woodyhulse/Documents/lean-perceptron/.lake/packages/aesop/.lake/build/lib/lean:/Users/woodyhulse/Documents/lean-perceptron/.lake/packages/proofwidgets/.lake/build/lib/lean:/Users/woodyhulse/Documents/lean-perceptron/.lake/packages/importGraph/.lake/build/lib/lean:/Users/woodyhulse/Documents/lean-perceptron/.lake/packages/LeanSearchClient/.lake/build/lib/lean:/Users/woodyhulse/Documents/lean-perceptron/.lake/packages/plausible/.lake/build/lib/lean:/Users/woodyhulse/Documents/lean-perceptron/.lake/packages/mathlib/.lake/build/lib/lean:/Users/woodyhulse/Documents/lean-perceptron/.lake/build/lib/lean /Users/woodyhulse/.elan/toolchains/leanprover--lean4---v4.26.0-rc2/bin/lean /Users/woodyhulse/Documents/lean-perceptron/Perceptron/Data.lean -o /Users/woodyhulse/Documents/lean-perceptron/.lake/build/lib/lean/Perceptron/Data.olean -i /Users/woodyhulse/Documents/lean-perceptron/.lake/build/lib/lean/Perceptron/Data.ilean -c /Users/woodyhulse/Documents/lean-perceptron/.lake/build/ir/Perceptron/Data.c --setup /Users/woodyhulse/Documents/lean-perceptron/.lake/build/ir/Perceptron/Data.setup.json --json",
   "level": "trace"},
  {"message":
   "Perceptron/Data.lean:83:0: Label: 5\n                            \n                            \n                            \n                            \n                            \n                  █  ██     \n             ██████████     \n        ██████████          \n        ██████████          \n           ███              \n            █               \n            ██              \n            ██              \n             ██             \n              ███           \n               ███          \n                 ███        \n                 ███        \n                ████        \n              ██████        \n            ██████          \n          ██████            \n       ███████              \n     ███████                \n     ████                   \n                            \n                            \n                            \nLabel: 0\n                            \n                            \n                            \n                            \n                 █          \n               █████        \n              ██████        \n             █████ ██       \n            ██████ ██       \n           ████ ██  █       \n          ████      ██      \n          ███       ██      \n        ███         ███     \n        ██          ███     \n       ███          ███     \n       ██           ██      \n       ██           ██      \n       ██          ██       \n       █          ██        \n       ██       ██          \n       ██    ████           \n       █████████            \n       ███████              \n         ███                \n                            \n                            \n                            \n                            \nLabel: 4\n                            \n                            \n                            \n                            \n                            \n                     █      \n                     █      \n                     █      \n    █               █       \n    █              ██       \n    █              ██       \n    █              ██       \n    █              ██       \n    █            ███        \n    █         ██████        \n    ██████████    ██        \n     █████        ██        \n                  █         \n                  █         \n                  █         \n                  █         \n                  █         \n                  █         \n                  █         \n                  █",
   "level": "info"}],
 "inputs":
 [["Perceptron.Data:deps",
   [["deps",
     [["perceptron/Perceptron:extraDep",
       [["@perceptron:extraDep", "00000000000006bb"]]],
      ["imports",
       [["Perceptron.Definitions transitive imports (legacy)",
         "ebdac04a93be9c29"],
        ["Perceptron.Definitions:importAllArts", "9ec09cf0493390fd"],
        ["Perceptron.Basic transitive imports (legacy)", "092242acaa674860"],
        ["Perceptron.Basic:importAllArts", "c92f0cb38104d504"]]]]],
    ["libs",
     [["import dynlibs", "00000000000006bb"],
      ["package external libraries", "00000000000006bb"],
      ["module dynlibs", "00000000000006bb"],
      ["module plugins", "00000000000006bb"]]]]],
  ["Lean 4.26.0, commit 9d4ad1273f6cea397c3066c2c83062a4410d16bf",
   "c1ab21c0a088cff7"],
  ["/Users/woodyhulse/Documents/lean-perceptron/Perceptron/Data.lean",
   "377bbad8caac1e42"],
  ["options",
   [["-DmaxSynthPendingDepth=3", "c78e353d34de85d4"],
    ["-Dweak.linter.mathlibStandardSet=true", "8a155799906f2b42"],
    ["-DrelaxedAutoImplicit=false", "74a2b5546b55be80"],
    ["-Dpp.unicode.fun=true", "9b94070140457fab"]]],
  ["Module.leanArgs: #[]", "00000000000006bb"]],
 "depHash": "edc115d16e45f9ed"}