{"synthetic": false,
 "schemaVersion": "2025-09-10",
 "outputs":
 {"o": ["8391d13a592022c2.olean"],
  "i": "96e784abdbee0709.ilean",
  "c": "027162c7626fd1dd.c"},
 "log":
 [{"message":
   ".> LEAN_PATH=/Users/woodyhulse/Documents/lean-perceptron/.lake/packages/Cli/.lake/build/lib/lean:/Users/woodyhulse/Documents/lean-perceptron/.lake/packages/batteries/.lake/build/lib/lean:/Users/woodyhulse/Documents/lean-perceptron/.lake/packages/Qq/.lake/build/lib/lean:/Users/woodyhulse/Documents/lean-perceptron/.lake/packages/aesop/.lake/build/lib/lean:/Users/woodyhulse/Documents/lean-perceptron/.lake/packages/proofwidgets/.lake/build/lib/lean:/Users/woodyhulse/Documents/lean-perceptron/.lake/packages/importGraph/.lake/build/lib/lean:/Users/woodyhulse/Documents/lean-perceptron/.lake/packages/LeanSearchClient/.lake/build/lib/lean:/Users/woodyhulse/Documents/lean-perceptron/.lake/packages/plausible/.lake/build/lib/lean:/Users/woodyhulse/Documents/lean-perceptron/.lake/packages/mathlib/.lake/build/lib/lean:/Users/woodyhulse/Documents/lean-perceptron/.lake/build/lib/lean /Users/woodyhulse/.elan/toolchains/leanprover--lean4---v4.26.0-rc2/bin/lean /Users/woodyhulse/Documents/lean-perceptron/Perceptron/Definitions.lean -o /Users/woodyhulse/Documents/lean-perceptron/.lake/build/lib/lean/Perceptron/Definitions.olean -i /Users/woodyhulse/Documents/lean-perceptron/.lake/build/lib/lean/Perceptron/Definitions.ilean -c /Users/woodyhulse/Documents/lean-perceptron/.lake/build/ir/Perceptron/Definitions.c --setup /Users/woodyhulse/Documents/lean-perceptron/.lake/build/ir/Perceptron/Definitions.setup.json --json",
   "level": "trace"}],
 "inputs":
 [["Perceptron.Definitions:deps",
   [["deps",
     [["perceptron/Perceptron:extraDep",
       [["@perceptron:extraDep", "00000000000006bb"]]],
      ["imports",
       [["Mathlib.Data.Finset.Basic transitive imports (legacy)",
         "9a4f6964d7da02b3"],
        ["Mathlib.Data.Finset.Basic:importAllArts", "b41c774aefcaa9f6"],
        ["Mathlib.Tactic transitive imports (legacy)", "069673773d339693"],
        ["Mathlib.Tactic:importAllArts", "c133d7a73cf8ac35"]]]]],
    ["libs",
     [["import dynlibs", "00000000000006bb"],
      ["package external libraries", "00000000000006bb"],
      ["module dynlibs", "00000000000006bb"],
      ["module plugins", "00000000000006bb"]]]]],
  ["Lean 4.26.0, commit 9d4ad1273f6cea397c3066c2c83062a4410d16bf",
   "c1ab21c0a088cff7"],
  ["/Users/woodyhulse/Documents/lean-perceptron/Perceptron/Definitions.lean",
   "d8944976c2fc8e72"],
  ["options",
   [["-DmaxSynthPendingDepth=3", "c78e353d34de85d4"],
    ["-Dweak.linter.mathlibStandardSet=true", "8a155799906f2b42"],
    ["-DrelaxedAutoImplicit=false", "74a2b5546b55be80"],
    ["-Dpp.unicode.fun=true", "9b94070140457fab"]]],
  ["Module.leanArgs: #[]", "00000000000006bb"]],
 "depHash": "893a89c5d5ed6747"}