{"synthetic": false,
 "schemaVersion": "2025-09-10",
 "outputs":
 {"o": ["5775da984451f751.olean"],
  "i": "4b9a8c0b362bacd8.ilean",
  "c": "05dd8ab200e2dff7.c"},
 "log":
 [{"message":
   ".> LEAN_PATH=/Users/woodyhulse/Documents/lean-perceptron/.lake/packages/Cli/.lake/build/lib/lean:/Users/woodyhulse/Documents/lean-perceptron/.lake/packages/batteries/.lake/build/lib/lean:/Users/woodyhulse/Documents/lean-perceptron/.lake/packages/Qq/.lake/build/lib/lean:/Users/woodyhulse/Documents/lean-perceptron/.lake/packages/aesop/.lake/build/lib/lean:/Users/woodyhulse/Documents/lean-perceptron/.lake/packages/proofwidgets/.lake/build/lib/lean:/Users/woodyhulse/Documents/lean-perceptron/.lake/packages/importGraph/.lake/build/lib/lean:/Users/woodyhulse/Documents/lean-perceptron/.lake/packages/LeanSearchClient/.lake/build/lib/lean:/Users/woodyhulse/Documents/lean-perceptron/.lake/packages/plausible/.lake/build/lib/lean:/Users/woodyhulse/Documents/lean-perceptron/.lake/packages/mathlib/.lake/build/lib/lean:/Users/woodyhulse/Documents/lean-perceptron/.lake/build/lib/lean /Users/woodyhulse/.elan/toolchains/leanprover--lean4---v4.26.0-rc2/bin/lean /Users/woodyhulse/Documents/lean-perceptron/Perceptron/Multiclass.lean -o /Users/woodyhulse/Documents/lean-perceptron/.lake/build/lib/lean/Perceptron/Multiclass.olean -i /Users/woodyhulse/Documents/lean-perceptron/.lake/build/lib/lean/Perceptron/Multiclass.ilean -c /Users/woodyhulse/Documents/lean-perceptron/.lake/build/ir/Perceptron/Multiclass.c --setup /Users/woodyhulse/Documents/lean-perceptron/.lake/build/ir/Perceptron/Multiclass.setup.json --json",
   "level": "trace"}],
 "inputs":
 [["Perceptron.Multiclass:deps",
   [["deps",
     [["perceptron/Perceptron:extraDep",
       [["@perceptron:extraDep", "00000000000006bb"]]],
      ["imports",
       [["Mathlib.Data.Fin.VecNotation transitive imports (legacy)",
         "1b0b38aa4e9a0deb"],
        ["Mathlib.Data.Fin.VecNotation:importAllArts", "bbf28df14e3a083b"],
        ["Mathlib.Data.Finset.Basic transitive imports (legacy)",
         "9a4f6964d7da02b3"],
        ["Mathlib.Data.Finset.Basic:importAllArts", "b41c774aefcaa9f6"],
        ["Mathlib.Tactic transitive imports (legacy)", "069673773d339693"],
        ["Mathlib.Tactic:importAllArts", "c133d7a73cf8ac35"],
        ["Perceptron.Definitions transitive imports (legacy)",
         "ebdac04a93be9c29"],
        ["Perceptron.Definitions:importAllArts", "9ec09cf0493390fd"],
        ["Perceptron.Basic transitive imports (legacy)", "092242acaa674860"],
        ["Perceptron.Basic:importAllArts", "0b29532f9163a800"],
        ["Perceptron.Data transitive imports (legacy)", "6029e616bcd1e4fb"],
        ["Perceptron.Data:importAllArts", "2c0fbb4dc5a8ba63"],
        ["Perceptron.Proofs transitive imports (legacy)", "1e4f93b8f536cfab"],
        ["Perceptron.Proofs:importAllArts", "ee7edac5f9795ca8"]]]]],
    ["libs",
     [["import dynlibs", "00000000000006bb"],
      ["package external libraries", "00000000000006bb"],
      ["module dynlibs", "00000000000006bb"],
      ["module plugins", "00000000000006bb"]]]]],
  ["Lean 4.26.0, commit 9d4ad1273f6cea397c3066c2c83062a4410d16bf",
   "c1ab21c0a088cff7"],
  ["/Users/woodyhulse/Documents/lean-perceptron/Perceptron/Multiclass.lean",
   "c601384c9a7b7a50"],
  ["options",
   [["-DmaxSynthPendingDepth=3", "c78e353d34de85d4"],
    ["-Dweak.linter.mathlibStandardSet=true", "8a155799906f2b42"],
    ["-DrelaxedAutoImplicit=false", "74a2b5546b55be80"],
    ["-Dpp.unicode.fun=true", "9b94070140457fab"]]],
  ["Module.leanArgs: #[]", "00000000000006bb"]],
 "depHash": "011510cc86886385"}