{"synthetic": false,
 "schemaVersion": "2025-09-10",
 "outputs":
 {"o": ["6c63cdfacdec3e29.olean"],
  "i": "f79109ec36e6d028.ilean",
  "c": "f2584c32e92d870c.c"},
 "log":
 [{"message":
   ".> LEAN_PATH=/Users/woodyhulse/Documents/lean-perceptron/.lake/packages/Cli/.lake/build/lib/lean:/Users/woodyhulse/Documents/lean-perceptron/.lake/packages/batteries/.lake/build/lib/lean:/Users/woodyhulse/Documents/lean-perceptron/.lake/packages/Qq/.lake/build/lib/lean:/Users/woodyhulse/Documents/lean-perceptron/.lake/packages/aesop/.lake/build/lib/lean:/Users/woodyhulse/Documents/lean-perceptron/.lake/packages/proofwidgets/.lake/build/lib/lean:/Users/woodyhulse/Documents/lean-perceptron/.lake/packages/importGraph/.lake/build/lib/lean:/Users/woodyhulse/Documents/lean-perceptron/.lake/packages/LeanSearchClient/.lake/build/lib/lean:/Users/woodyhulse/Documents/lean-perceptron/.lake/packages/plausible/.lake/build/lib/lean:/Users/woodyhulse/Documents/lean-perceptron/.lake/packages/mathlib/.lake/build/lib/lean:/Users/woodyhulse/Documents/lean-perceptron/.lake/build/lib/lean /Users/woodyhulse/.elan/toolchains/leanprover--lean4---v4.26.0-rc2/bin/lean /Users/woodyhulse/Documents/lean-perceptron/Perceptron/Proofs.lean -o /Users/woodyhulse/Documents/lean-perceptron/.lake/build/lib/lean/Perceptron/Proofs.olean -i /Users/woodyhulse/Documents/lean-perceptron/.lake/build/lib/lean/Perceptron/Proofs.ilean -c /Users/woodyhulse/Documents/lean-perceptron/.lake/build/ir/Perceptron/Proofs.c --setup /Users/woodyhulse/Documents/lean-perceptron/.lake/build/ir/Perceptron/Proofs.setup.json --json",
   "level": "trace"}],
 "inputs":
 [["Perceptron.Proofs:deps",
   [["deps",
     [["perceptron/Perceptron:extraDep",
       [["@perceptron:extraDep", "00000000000006bb"]]],
      ["imports",
       [["Mathlib.Algebra.Order.Field.Basic transitive imports (legacy)",
         "b5c0b33a3cde53d1"],
        ["Mathlib.Algebra.Order.Field.Basic:importAllArts", "e0e6dfc1e33540de"],
        ["Mathlib.Analysis.InnerProductSpace.Basic transitive imports (legacy)",
         "9d6b6a0161bbac62"],
        ["Mathlib.Analysis.InnerProductSpace.Basic:importAllArts",
         "bee5d3b111cacac1"],
        ["Mathlib.Data.Fin.VecNotation transitive imports (legacy)",
         "1b0b38aa4e9a0deb"],
        ["Mathlib.Data.Fin.VecNotation:importAllArts", "bbf28df14e3a083b"],
        ["Mathlib.Data.Finset.Basic transitive imports (legacy)",
         "9a4f6964d7da02b3"],
        ["Mathlib.Data.Finset.Basic:importAllArts", "b41c774aefcaa9f6"],
        ["Mathlib.Tactic transitive imports (legacy)", "069673773d339693"],
        ["Mathlib.Tactic:importAllArts", "c133d7a73cf8ac35"],
        ["Perceptron.Definitions transitive imports (legacy)",
         "ebdac04a93be9c29"],
        ["Perceptron.Definitions:importAllArts", "9ec09cf0493390fd"],
        ["Perceptron.Basic transitive imports (legacy)", "092242acaa674860"],
        ["Perceptron.Basic:importAllArts", "0b29532f9163a800"]]]]],
    ["libs",
     [["import dynlibs", "00000000000006bb"],
      ["package external libraries", "00000000000006bb"],
      ["module dynlibs", "00000000000006bb"],
      ["module plugins", "00000000000006bb"]]]]],
  ["Lean 4.26.0, commit 9d4ad1273f6cea397c3066c2c83062a4410d16bf",
   "c1ab21c0a088cff7"],
  ["/Users/woodyhulse/Documents/lean-perceptron/Perceptron/Proofs.lean",
   "af520d0c4636995b"],
  ["options",
   [["-DmaxSynthPendingDepth=3", "c78e353d34de85d4"],
    ["-Dweak.linter.mathlibStandardSet=true", "8a155799906f2b42"],
    ["-DrelaxedAutoImplicit=false", "74a2b5546b55be80"],
    ["-Dpp.unicode.fun=true", "9b94070140457fab"]]],
  ["Module.leanArgs: #[]", "00000000000006bb"]],
 "depHash": "279b3764ed1e784e"}